<?xml version="1.0" encoding="UTF-8"?>
<!-- Generated by org.testng.reporters.JUnitXMLReporter -->
<testsuite hostname="Rusalina-Alam" name="Test1" tests="14" failures="0" timestamp="29 Apr 2020 02:27:06 GMT" time="15.156" errors="0">
  <testcase name="validateFirstName" time="0.297" classname="com.app.test.basicTestNGTest"/>
  <testcase name="validateLastName" time="0.266" classname="com.app.test.basicTestNGTest"/>
  <testcase name="validatePhone" time="0.186" classname="com.app.test.basicTestNGTest"/>
  <testcase name="validateEmail" time="0.342" classname="com.app.test.basicTestNGTest"/>
  <testcase name="validateAddress" time="0.583" classname="com.app.test.basicTestNGTest"/>
  <testcase name="validateCity" time="0.275" classname="com.app.test.basicTestNGTest"/>
  <testcase name="validateState" time="0.282" classname="com.app.test.basicTestNGTest"/>
  <testcase name="validatePostalCode" time="0.164" classname="com.app.test.basicTestNGTest"/>
  <testcase name="validateUserName" time="0.173" classname="com.app.test.basicTestNGTest"/>
  <testcase name="validatePassword" time="0.274" classname="com.app.test.basicTestNGTest"/>
  <testcase name="validateConfirmPassword" time="0.277" classname="com.app.test.basicTestNGTest"/>
  <testcase name="validateSubmit" time="0.111" classname="com.app.test.basicTestNGTest"/>
  <testcase name="validateTitle" time="0.018" classname="com.app.test.basicTestNGTest"/>
  <testcase name="validateUrl" time="0.03" classname="com.app.test.basicTestNGTest"/>
</testsuite> <!-- Test1 -->
