<?xml version="1.0" encoding="UTF-8"?>
<!-- Generated by org.testng.reporters.JUnitXMLReporter -->
<testsuite hostname="Rusalina-Alam" name="Test1" tests="14" failures="0" timestamp="7 Apr 2020 01:46:06 GMT" time="23.748" errors="0">
  <testcase name="validateFirstName" time="0.113" classname="com.app.test.basicTestNGTest"/>
  <testcase name="validateLastName" time="0.118" classname="com.app.test.basicTestNGTest"/>
  <testcase name="validatePhone" time="0.128" classname="com.app.test.basicTestNGTest"/>
  <testcase name="validateEmail" time="0.209" classname="com.app.test.basicTestNGTest"/>
  <testcase name="validateAddress" time="0.247" classname="com.app.test.basicTestNGTest"/>
  <testcase name="validateCity" time="0.096" classname="com.app.test.basicTestNGTest"/>
  <testcase name="validateState" time="0.145" classname="com.app.test.basicTestNGTest"/>
  <testcase name="validatePostalCode" time="0.107" classname="com.app.test.basicTestNGTest"/>
  <testcase name="validateUserName" time="0.108" classname="com.app.test.basicTestNGTest"/>
  <testcase name="validatePassword" time="0.103" classname="com.app.test.basicTestNGTest"/>
  <testcase name="validateConfirmPassword" time="0.12" classname="com.app.test.basicTestNGTest"/>
  <testcase name="validateSubmit" time="0.072" classname="com.app.test.basicTestNGTest"/>
  <testcase name="validateTitle" time="0.012" classname="com.app.test.basicTestNGTest"/>
  <testcase name="validateUrl" time="0.013" classname="com.app.test.basicTestNGTest"/>
</testsuite> <!-- Test1 -->
