<?xml version="1.0" encoding="UTF-8"?>
<testng-results skipped="0" failed="0" total="14" passed="14">
  <reporter-output>
    <line>
      <![CDATA[Entering Tommy in the First Name Text Box ]]>
    </line>
    <line>
      <![CDATA[Entering Lee in the Last Name Text Box ]]>
    </line>
    <line>
      <![CDATA[Entering 7031234567 in the Phone Text Box ]]>
    </line>
    <line>
      <![CDATA[Entering tommylee@yahoo.com in the Email Text Box ]]>
    </line>
    <line>
      <![CDATA[Entering 10400 Eaton Pl, Suite 105 in the Address Text Box ]]>
    </line>
    <line>
      <![CDATA[Entering Fairfax in the City Text Box ]]>
    </line>
    <line>
      <![CDATA[Entering Virginia in the State Text Box ]]>
    </line>
    <line>
      <![CDATA[Entering 22030 in the Postal Code Text Box ]]>
    </line>
    <line>
      <![CDATA[Entering mcc1919 in the User Name Text Box ]]>
    </line>
    <line>
      <![CDATA[Entering Abcd1234 in the Password Text Box ]]>
    </line>
    <line>
      <![CDATA[Entering Abcd1234 in the Confirm Password Text Box ]]>
    </line>
    <line>
      <![CDATA[Verifying the submit button is enabled]]>
    </line>
    <line>
      <![CDATA[Verifying the submit button is displayed]]>
    </line>
    <line>
      <![CDATA[Reading the title of the page]]>
    </line>
    <line>
      <![CDATA[Reading the Url of the page]]>
    </line>
  </reporter-output>
  <suite name="Default suite" duration-ms="22212" started-at="2020-05-03T02:12:34Z" finished-at="2020-05-03T02:12:56Z">
    <groups>
    </groups>
    <test name="Default test" duration-ms="22212" started-at="2020-05-03T02:12:34Z" finished-at="2020-05-03T02:12:56Z">
      <class name="com.app.test.basicTestNGTest">
        <test-method status="PASS" signature="beforeTest()[pri:0, instance:com.app.test.basicTestNGTest@1e67a849]" name="beforeTest" is-config="true" duration-ms="11615" started-at="2020-05-02T22:12:34Z" finished-at="2020-05-02T22:12:46Z">
          <reporter-output>
          </reporter-output>
        </test-method> <!-- beforeTest -->
        <test-method status="PASS" signature="beforeMethod()[pri:0, instance:com.app.test.basicTestNGTest@1e67a849]" name="beforeMethod" is-config="true" duration-ms="500" started-at="2020-05-02T22:12:46Z" finished-at="2020-05-02T22:12:46Z">
          <reporter-output>
          </reporter-output>
        </test-method> <!-- beforeMethod -->
        <test-method status="PASS" signature="validateFirstName()[pri:1, instance:com.app.test.basicTestNGTest@1e67a849]" name="validateFirstName" duration-ms="75" started-at="2020-05-02T22:12:46Z" finished-at="2020-05-02T22:12:46Z">
          <reporter-output>
            <line>
              <![CDATA[Entering Tommy in the First Name Text Box ]]>
            </line>
          </reporter-output>
        </test-method> <!-- validateFirstName -->
        <test-method status="PASS" signature="beforeMethod()[pri:0, instance:com.app.test.basicTestNGTest@1e67a849]" name="beforeMethod" is-config="true" duration-ms="500" started-at="2020-05-02T22:12:46Z" finished-at="2020-05-02T22:12:47Z">
          <reporter-output>
          </reporter-output>
        </test-method> <!-- beforeMethod -->
        <test-method status="PASS" signature="validateLastName()[pri:2, instance:com.app.test.basicTestNGTest@1e67a849]" name="validateLastName" duration-ms="68" started-at="2020-05-02T22:12:47Z" finished-at="2020-05-02T22:12:47Z">
          <reporter-output>
            <line>
              <![CDATA[Entering Lee in the Last Name Text Box ]]>
            </line>
          </reporter-output>
        </test-method> <!-- validateLastName -->
        <test-method status="PASS" signature="beforeMethod()[pri:0, instance:com.app.test.basicTestNGTest@1e67a849]" name="beforeMethod" is-config="true" duration-ms="502" started-at="2020-05-02T22:12:47Z" finished-at="2020-05-02T22:12:47Z">
          <reporter-output>
          </reporter-output>
        </test-method> <!-- beforeMethod -->
        <test-method status="PASS" signature="validatePhone()[pri:3, instance:com.app.test.basicTestNGTest@1e67a849]" name="validatePhone" duration-ms="58" started-at="2020-05-02T22:12:47Z" finished-at="2020-05-02T22:12:47Z">
          <reporter-output>
            <line>
              <![CDATA[Entering 7031234567 in the Phone Text Box ]]>
            </line>
          </reporter-output>
        </test-method> <!-- validatePhone -->
        <test-method status="PASS" signature="beforeMethod()[pri:0, instance:com.app.test.basicTestNGTest@1e67a849]" name="beforeMethod" is-config="true" duration-ms="500" started-at="2020-05-02T22:12:47Z" finished-at="2020-05-02T22:12:48Z">
          <reporter-output>
          </reporter-output>
        </test-method> <!-- beforeMethod -->
        <test-method status="PASS" signature="validateEmail()[pri:4, instance:com.app.test.basicTestNGTest@1e67a849]" name="validateEmail" duration-ms="75" started-at="2020-05-02T22:12:48Z" finished-at="2020-05-02T22:12:48Z">
          <reporter-output>
            <line>
              <![CDATA[Entering tommylee@yahoo.com in the Email Text Box ]]>
            </line>
          </reporter-output>
        </test-method> <!-- validateEmail -->
        <test-method status="PASS" signature="beforeMethod()[pri:0, instance:com.app.test.basicTestNGTest@1e67a849]" name="beforeMethod" is-config="true" duration-ms="500" started-at="2020-05-02T22:12:48Z" finished-at="2020-05-02T22:12:48Z">
          <reporter-output>
          </reporter-output>
        </test-method> <!-- beforeMethod -->
        <test-method status="PASS" signature="validateAddress()[pri:5, instance:com.app.test.basicTestNGTest@1e67a849]" name="validateAddress" duration-ms="96" started-at="2020-05-02T22:12:48Z" finished-at="2020-05-02T22:12:48Z">
          <reporter-output>
            <line>
              <![CDATA[Entering 10400 Eaton Pl, Suite 105 in the Address Text Box ]]>
            </line>
          </reporter-output>
        </test-method> <!-- validateAddress -->
        <test-method status="PASS" signature="beforeMethod()[pri:0, instance:com.app.test.basicTestNGTest@1e67a849]" name="beforeMethod" is-config="true" duration-ms="501" started-at="2020-05-02T22:12:48Z" finished-at="2020-05-02T22:12:49Z">
          <reporter-output>
          </reporter-output>
        </test-method> <!-- beforeMethod -->
        <test-method status="PASS" signature="validateCity()[pri:6, instance:com.app.test.basicTestNGTest@1e67a849]" name="validateCity" duration-ms="51" started-at="2020-05-02T22:12:49Z" finished-at="2020-05-02T22:12:49Z">
          <reporter-output>
            <line>
              <![CDATA[Entering Fairfax in the City Text Box ]]>
            </line>
          </reporter-output>
        </test-method> <!-- validateCity -->
        <test-method status="PASS" signature="beforeMethod()[pri:0, instance:com.app.test.basicTestNGTest@1e67a849]" name="beforeMethod" is-config="true" duration-ms="500" started-at="2020-05-02T22:12:49Z" finished-at="2020-05-02T22:12:49Z">
          <reporter-output>
          </reporter-output>
        </test-method> <!-- beforeMethod -->
        <test-method status="PASS" signature="validateState()[pri:7, instance:com.app.test.basicTestNGTest@1e67a849]" name="validateState" duration-ms="51" started-at="2020-05-02T22:12:49Z" finished-at="2020-05-02T22:12:50Z">
          <reporter-output>
            <line>
              <![CDATA[Entering Virginia in the State Text Box ]]>
            </line>
          </reporter-output>
        </test-method> <!-- validateState -->
        <test-method status="PASS" signature="beforeMethod()[pri:0, instance:com.app.test.basicTestNGTest@1e67a849]" name="beforeMethod" is-config="true" duration-ms="501" started-at="2020-05-02T22:12:50Z" finished-at="2020-05-02T22:12:50Z">
          <reporter-output>
          </reporter-output>
        </test-method> <!-- beforeMethod -->
        <test-method status="PASS" signature="validatePostalCode()[pri:8, instance:com.app.test.basicTestNGTest@1e67a849]" name="validatePostalCode" duration-ms="49" started-at="2020-05-02T22:12:50Z" finished-at="2020-05-02T22:12:50Z">
          <reporter-output>
            <line>
              <![CDATA[Entering 22030 in the Postal Code Text Box ]]>
            </line>
          </reporter-output>
        </test-method> <!-- validatePostalCode -->
        <test-method status="PASS" signature="beforeMethod()[pri:0, instance:com.app.test.basicTestNGTest@1e67a849]" name="beforeMethod" is-config="true" duration-ms="500" started-at="2020-05-02T22:12:50Z" finished-at="2020-05-02T22:12:51Z">
          <reporter-output>
          </reporter-output>
        </test-method> <!-- beforeMethod -->
        <test-method status="PASS" signature="validateUserName()[pri:9, instance:com.app.test.basicTestNGTest@1e67a849]" name="validateUserName" duration-ms="62" started-at="2020-05-02T22:12:51Z" finished-at="2020-05-02T22:12:51Z">
          <reporter-output>
            <line>
              <![CDATA[Entering mcc1919 in the User Name Text Box ]]>
            </line>
          </reporter-output>
        </test-method> <!-- validateUserName -->
        <test-method status="PASS" signature="beforeMethod()[pri:0, instance:com.app.test.basicTestNGTest@1e67a849]" name="beforeMethod" is-config="true" duration-ms="500" started-at="2020-05-02T22:12:51Z" finished-at="2020-05-02T22:12:51Z">
          <reporter-output>
          </reporter-output>
        </test-method> <!-- beforeMethod -->
        <test-method status="PASS" signature="validatePassword()[pri:10, instance:com.app.test.basicTestNGTest@1e67a849]" name="validatePassword" duration-ms="56" started-at="2020-05-02T22:12:51Z" finished-at="2020-05-02T22:12:51Z">
          <reporter-output>
            <line>
              <![CDATA[Entering Abcd1234 in the Password Text Box ]]>
            </line>
          </reporter-output>
        </test-method> <!-- validatePassword -->
        <test-method status="PASS" signature="beforeMethod()[pri:0, instance:com.app.test.basicTestNGTest@1e67a849]" name="beforeMethod" is-config="true" duration-ms="500" started-at="2020-05-02T22:12:51Z" finished-at="2020-05-02T22:12:52Z">
          <reporter-output>
          </reporter-output>
        </test-method> <!-- beforeMethod -->
        <test-method status="PASS" signature="validateConfirmPassword()[pri:11, instance:com.app.test.basicTestNGTest@1e67a849]" name="validateConfirmPassword" duration-ms="57" started-at="2020-05-02T22:12:52Z" finished-at="2020-05-02T22:12:52Z">
          <reporter-output>
            <line>
              <![CDATA[Entering Abcd1234 in the Confirm Password Text Box ]]>
            </line>
          </reporter-output>
        </test-method> <!-- validateConfirmPassword -->
        <test-method status="PASS" signature="beforeMethod()[pri:0, instance:com.app.test.basicTestNGTest@1e67a849]" name="beforeMethod" is-config="true" duration-ms="500" started-at="2020-05-02T22:12:52Z" finished-at="2020-05-02T22:12:52Z">
          <reporter-output>
          </reporter-output>
        </test-method> <!-- beforeMethod -->
        <test-method status="PASS" signature="validateSubmit()[pri:12, instance:com.app.test.basicTestNGTest@1e67a849]" name="validateSubmit" duration-ms="46" started-at="2020-05-02T22:12:52Z" finished-at="2020-05-02T22:12:52Z">
          <reporter-output>
            <line>
              <![CDATA[Verifying the submit button is enabled]]>
            </line>
            <line>
              <![CDATA[Verifying the submit button is displayed]]>
            </line>
          </reporter-output>
        </test-method> <!-- validateSubmit -->
        <test-method status="PASS" signature="beforeMethod()[pri:0, instance:com.app.test.basicTestNGTest@1e67a849]" name="beforeMethod" is-config="true" duration-ms="500" started-at="2020-05-02T22:12:52Z" finished-at="2020-05-02T22:12:53Z">
          <reporter-output>
          </reporter-output>
        </test-method> <!-- beforeMethod -->
        <test-method status="PASS" signature="validateTitle()[pri:13, instance:com.app.test.basicTestNGTest@1e67a849]" name="validateTitle" duration-ms="11" started-at="2020-05-02T22:12:53Z" finished-at="2020-05-02T22:12:53Z">
          <reporter-output>
            <line>
              <![CDATA[Reading the title of the page]]>
            </line>
          </reporter-output>
        </test-method> <!-- validateTitle -->
        <test-method status="PASS" signature="beforeMethod()[pri:0, instance:com.app.test.basicTestNGTest@1e67a849]" name="beforeMethod" is-config="true" duration-ms="501" started-at="2020-05-02T22:12:53Z" finished-at="2020-05-02T22:12:53Z">
          <reporter-output>
          </reporter-output>
        </test-method> <!-- beforeMethod -->
        <test-method status="PASS" signature="validateUrl()[pri:14, instance:com.app.test.basicTestNGTest@1e67a849]" name="validateUrl" duration-ms="11" started-at="2020-05-02T22:12:53Z" finished-at="2020-05-02T22:12:53Z">
          <reporter-output>
            <line>
              <![CDATA[Reading the Url of the page]]>
            </line>
          </reporter-output>
        </test-method> <!-- validateUrl -->
        <test-method status="PASS" signature="afterTest()[pri:0, instance:com.app.test.basicTestNGTest@1e67a849]" name="afterTest" is-config="true" duration-ms="2810" started-at="2020-05-02T22:12:53Z" finished-at="2020-05-02T22:12:56Z">
          <reporter-output>
          </reporter-output>
        </test-method> <!-- afterTest -->
      </class> <!-- com.app.test.basicTestNGTest -->
    </test> <!-- Default test -->
  </suite> <!-- Default suite -->
</testng-results>
