<?xml version="1.0" encoding="UTF-8"?>
<!-- Generated by org.testng.reporters.JUnitXMLReporter -->
<testsuite hostname="Rusalina-Alam" name="Default test" tests="14" failures="0" timestamp="3 May 2020 02:12:56 GMT" time="22.212" errors="0">
  <testcase name="validateFirstName" time="0.075" classname="com.app.test.basicTestNGTest"/>
  <testcase name="validateLastName" time="0.068" classname="com.app.test.basicTestNGTest"/>
  <testcase name="validatePhone" time="0.058" classname="com.app.test.basicTestNGTest"/>
  <testcase name="validateEmail" time="0.075" classname="com.app.test.basicTestNGTest"/>
  <testcase name="validateAddress" time="0.096" classname="com.app.test.basicTestNGTest"/>
  <testcase name="validateCity" time="0.051" classname="com.app.test.basicTestNGTest"/>
  <testcase name="validateState" time="0.051" classname="com.app.test.basicTestNGTest"/>
  <testcase name="validatePostalCode" time="0.049" classname="com.app.test.basicTestNGTest"/>
  <testcase name="validateUserName" time="0.062" classname="com.app.test.basicTestNGTest"/>
  <testcase name="validatePassword" time="0.056" classname="com.app.test.basicTestNGTest"/>
  <testcase name="validateConfirmPassword" time="0.057" classname="com.app.test.basicTestNGTest"/>
  <testcase name="validateSubmit" time="0.046" classname="com.app.test.basicTestNGTest"/>
  <testcase name="validateTitle" time="0.011" classname="com.app.test.basicTestNGTest"/>
  <testcase name="validateUrl" time="0.011" classname="com.app.test.basicTestNGTest"/>
</testsuite> <!-- Default test -->
